<?xml version="1.0" encoding="UTF-8"?>
<!-- Generated by org.testng.reporters.JUnitXMLReporter -->
<testsuite hostname="DESKTOP-UVEVA0A" ignored="0" name="Surefire test" tests="4" failures="0" timestamp="2020-04-29T17:12:40 IST" time="179.148" errors="0">
  <testcase name="@AfterMethod logout" time="2.127" classname="com.actitime.configuration.CommonSetup">
    <failure type="org.openqa.selenium.ElementClickInterceptedException" message="Element &amp;lt;a id=&amp;quot;logoutLink&amp;quot; class=&amp;quot;logout&amp;quot; href=&amp;quot;/logout.do&amp;quot;&amp;gt; is not clickable at point (1309,17) because another element &amp;lt;img id=&amp;quot;muar&amp;quot; src=&amp;quot;/img/default/dialogs/exitconfirm/shade.png?hash=1171981235&amp;quot;&amp;gt; obscures it
Build info: version: &amp;apos;3.141.59&amp;apos;, revision: &amp;apos;e82be7d358&amp;apos;, time: &amp;apos;2018-11-14T08:17:03&amp;apos;
System info: host: &amp;apos;DESKTOP-UVEVA0A&amp;apos;, ip: &amp;apos;192.168.30.1&amp;apos;, os.name: &amp;apos;Windows 10&amp;apos;, os.arch: &amp;apos;amd64&amp;apos;, os.version: &amp;apos;10.0&amp;apos;, java.version: &amp;apos;1.8.0_171&amp;apos;
Driver info: org.openqa.selenium.firefox.FirefoxDriver
Capabilities {acceptInsecureCerts: true, browserName: firefox, browserVersion: 75.0, javascriptEnabled: true, moz:accessibilityChecks: false, moz:buildID: 20200403170909, moz:geckodriverVersion: 0.26.0, moz:headless: false, moz:processID: 10424, moz:profile: C:\Users\Priya\AppData\Loca..., moz:shutdownTimeout: 60000, moz:useNonSpecCompliantPointerOrigin: false, moz:webdriverClick: true, pageLoadStrategy: normal, platform: WINDOWS, platformName: WINDOWS, platformVersion: 10.0, rotatable: false, setWindowRect: true, strictFileInteractability: false, timeouts: {implicit: 0, pageLoad: 300000, script: 30000}, unhandledPromptBehavior: dismiss and notify}
Session ID: 7e4be050-5eb4-4db3-982f-c341355c0c33">
      <![CDATA[org.openqa.selenium.ElementClickInterceptedException: Element <a id="logoutLink" class="logout" href="/logout.do"> is not clickable at point (1309,17) because another element <img id="muar" src="/img/default/dialogs/exitconfirm/shade.png?hash=1171981235"> obscures it
Build info: version: '3.141.59', revision: 'e82be7d358', time: '2018-11-14T08:17:03'
System info: host: 'DESKTOP-UVEVA0A', ip: '192.168.30.1', os.name: 'Windows 10', os.arch: 'amd64', os.version: '10.0', java.version: '1.8.0_171'
Driver info: org.openqa.selenium.firefox.FirefoxDriver
Capabilities {acceptInsecureCerts: true, browserName: firefox, browserVersion: 75.0, javascriptEnabled: true, moz:accessibilityChecks: false, moz:buildID: 20200403170909, moz:geckodriverVersion: 0.26.0, moz:headless: false, moz:processID: 10424, moz:profile: C:\Users\Priya\AppData\Loca..., moz:shutdownTimeout: 60000, moz:useNonSpecCompliantPointerOrigin: false, moz:webdriverClick: true, pageLoadStrategy: normal, platform: WINDOWS, platformName: WINDOWS, platformVersion: 10.0, rotatable: false, setWindowRect: true, strictFileInteractability: false, timeouts: {implicit: 0, pageLoad: 300000, script: 30000}, unhandledPromptBehavior: dismiss and notify}
Session ID: 7e4be050-5eb4-4db3-982f-c341355c0c33
at org.openqa.selenium.remote.http.W3CHttpResponseCodec.createException(W3CHttpResponseCodec.java:187)
at org.openqa.selenium.remote.http.W3CHttpResponseCodec.decode(W3CHttpResponseCodec.java:122)
at org.openqa.selenium.remote.http.W3CHttpResponseCodec.decode(W3CHttpResponseCodec.java:49)
at org.openqa.selenium.remote.HttpCommandExecutor.execute(HttpCommandExecutor.java:158)
at org.openqa.selenium.remote.service.DriverCommandExecutor.execute(DriverCommandExecutor.java:83)
at org.openqa.selenium.remote.RemoteWebDriver.execute(RemoteWebDriver.java:552)
at org.openqa.selenium.remote.RemoteWebElement.execute(RemoteWebElement.java:285)
at org.openqa.selenium.remote.RemoteWebElement.click(RemoteWebElement.java:84)
at org.openqa.selenium.support.pagefactory.internal.LocatingElementHandler.invoke(LocatingElementHandler.java:51)
at com.sun.proxy.$Proxy10.click(Unknown Source)
at com.actitime.pages.HomePage.logout(HomePage.java:32)
at com.actitime.configuration.CommonSetup.logout(CommonSetup.java:51)
at java.util.ArrayList.forEach(ArrayList.java:1257)
... Removed 45 stack frames]]>
    </failure>
  </testcase> <!-- @AfterMethod logout -->
  <testcase name="@BeforeMethod loginSetup" time="-1.588160454065E9" classname="com.actitime.configuration.CommonSetup">
    <skipped/>
  </testcase> <!-- @BeforeMethod loginSetup -->
  <testcase name="@AfterMethod logout" time="-1.588160454075E9" classname="com.actitime.configuration.CommonSetup">
    <skipped/>
  </testcase> <!-- @AfterMethod logout -->
  <testcase name="@AfterClass classteardown" time="-1.58816045408E9" classname="com.actitime.configuration.CommonSetup">
    <skipped/>
  </testcase> <!-- @AfterClass classteardown -->
  <testcase name="createCustomerWithName" time="28.169" classname="com.actitime.testscripts.CreateCustomerTest"/>
  <testcase name="createCustomerWithNameAndDescription" time="0.0" classname="com.actitime.testscripts.CreateCustomerTest">
    <skipped/>
  </testcase> <!-- createCustomerWithNameAndDescription -->
  <testcase name="loginTest" time="31.048" classname="com.actitime.testscripts.LoginTest"/>
  <testcase name="verifyTitle" time="4.011" classname="com.actitime.testscripts.VerifyHomeTitleTest"/>
</testsuite> <!-- Surefire test -->
